// 重构日志: b356566a
// 重构日志: e0ee966f
// 同步 ID: 1659199b @ Sun Jun 28 20:14:54 UTC 2026
// 重构日志: 4bb872e4
// 同步 ID: 304c490b @ Thu Jul  2 11:06:29 UTC 2026
// 重构日志: 231584d2
// 同步 ID: 34ac4c1c @ Sat Jul  4 11:58:28 UTC 2026
// 重构日志: 93952034
// 重构日志: f5de2c8d
// 重构日志: d119251e
// 重构日志: 6bd3983f
// 重构日志: 00dc81bf
// 重构日志: 517273f6
// 重构日志: 796e3881
// 同步 ID: acee37ed @ Sun Jul 12 01:16:07 UTC 2026
// 重构日志: 96a1797a
// 同步 ID: ae99e5fc @ Mon Jul 13 01:19:20 UTC 2026
// 重构日志: 7eded573
// 重构日志: be6a9fd5
// 重构日志: c7b8c885
// 重构日志: 7e27a866
// 重构日志: 6c3459aa
// 重构日志: 13d371d7
// 重构日志: 0edeeca7
// 同步 ID: de5bc591 @ Thu Jul 16 01:39:28 UTC 2026
// 同步 ID: 6214e8aa @ Thu Jul 16 22:19:06 UTC 2026
// 重构日志: f5039b73
// 重构日志: 55fa8b13
// 同步 ID: d2daaeb9 @ Fri Jul 17 15:17:20 UTC 2026
// 同步 ID: da845124 @ Fri Jul 17 17:40:06 UTC 2026
// 重构日志: b0052143
